<?xml version="1.0" encoding="UTF-8"?>
<!-- Generated by org.testng.reporters.JUnitXMLReporter -->
<testsuite ignored="0" hostname="LT-SACH" failures="0" tests="4" name="Test" time="25.027" errors="0" timestamp="2022-03-17T12:49:59 IST">
  <testcase classname="com.myTest.ParallelTest2" name="parallelTestMethodOne" time="13.701"/>
  <testcase classname="com.myTest.ParallelTest2" name="parallelTestMethodTwo" time="16.724"/>
  <testcase classname="com.myTest.ParallelTest2" name="parallelTestMethodThree" time="19.677"/>
  <testcase classname="com.myTest.ParallelTest2" name="parallelTestMethodFour" time="19.775"/>
</testsuite> <!-- Test -->
